<?xml version="1.0" encoding="UTF-8"?>
<testsuites name="jest tests" tests="5" failures="0" time="3.953">
  <testsuite name="Schema URL Loader" errors="0" failures="0" skipped="0" timestamp="2019-10-24T01:36:44" time="3.886" tests="5">
    <testcase classname="Schema URL Loader handle" name="Should throw an error when introspection is not valid" time="0.06" file="tests/url-loader.spec.ts">
    </testcase>
    <testcase classname="Schema URL Loader handle" name="Should return a valid schema when request is valid" time="0.005" file="tests/url-loader.spec.ts">
    </testcase>
    <testcase classname="Schema URL Loader handle" name="Should pass default headers" time="0.003" file="tests/url-loader.spec.ts">
    </testcase>
    <testcase classname="Schema URL Loader handle" name="Should pass extra headers when they are specified as object" time="0.001" file="tests/url-loader.spec.ts">
    </testcase>
    <testcase classname="Schema URL Loader handle" name="Should pass extra headers when they are specified as array" time="0.002" file="tests/url-loader.spec.ts">
    </testcase>
  </testsuite>
</testsuites>