<?xml version="1.0" encoding="UTF-8"?>
<testsuites name="jest tests" tests="1" failures="0" time="3.467">
  <testsuite name="undefined" errors="0" failures="0" skipped="0" timestamp="2019-10-24T01:32:11" time="3.404" tests="1">
    <testcase classname="" name="load schema from Github" time="0.072" file="tests/schema-from-github.spec.ts">
    </testcase>
  </testsuite>
</testsuites>